#
# There is insufficient memory for the Java Runtime Environment to continue.
# Native memory allocation (malloc) failed to allocate 1048576 bytes for AllocateHeap
# Possible reasons:
#   The system is out of physical RAM or swap space
#   The process is running with CompressedOops enabled, and the Java Heap may be blocking the growth of the native heap
# Possible solutions:
#   Reduce memory load on the system
#   Increase physical memory or swap space
#   Check if swap backing store is full
#   Decrease Java heap size (-Xmx/-Xms)
#   Decrease number of Java threads
#   Decrease Java thread stack sizes (-Xss)
#   Set larger code cache with -XX:ReservedCodeCacheSize=
#   JVM is running with Unscaled Compressed Oops mode in which the Java heap is
#     placed in the first 4GB address space. The Java Heap base address is the
#     maximum limit for the native heap growth. Please use -XX:HeapBaseMinAddress
#     to set the Java Heap base and to place the Java Heap above 4GB virtual address.
# This output file may be truncated or incomplete.
#
#  Out of Memory Error (./open/src/hotspot/share/memory/allocation.cpp:46), pid=1700, tid=8204
#
# JRE version:  (11.0.12+8) (build )
# Java VM: Java HotSpot(TM) 64-Bit Server VM (11.0.12+8-LTS-237, mixed mode, sharing, tiered, compressed oops, g1 gc, windows-amd64)
# No core dump will be written. Minidumps are not enabled by default on client versions of Windows
#

---------------  S U M M A R Y ------------

Command Line: -Dfile.encoding=Cp1254 Day46_Collections.C03_Queue_Kuyruk

Host: 11th Gen Intel(R) Core(TM) i5-1135G7 @ 2.40GHz, 8 cores, 7G,  Windows 10 , 64 bit Build 19041 (10.0.19041.1348)
Time: Mon Dec 20 23:19:31 2021 Türkiye Standart Saati elapsed time: 0.021544 seconds (0d 0h 0m 0s)

---------------  T H R E A D  ---------------

Current thread (0x0000021708692000):  JavaThread "Unknown thread" [_thread_in_vm, id=8204, stack(0x00000089b8e00000,0x00000089b8f00000)]

Stack: [0x00000089b8e00000,0x00000089b8f00000]
Native frames: (J=compiled Java code, j=interpreted, Vv=VM code, C=native code)
V  [jvm.dll+0x617d9a]
V  [jvm.dll+0x74eeef]
V  [jvm.dll+0x750599]
V  [jvm.dll+0x750c23]
V  [jvm.dll+0x2438d8]
V  [jvm.dll+0xb13f4]
V  [jvm.dll+0x2d1bb8]
V  [jvm.dll+0x72a967]
V  [jvm.dll+0x72c21f]
V  [jvm.dll+0x34c469]
V  [jvm.dll+0x710400]
V  [jvm.dll+0x3b5baf]
V  [jvm.dll+0x3b7cb1]
C  [jli.dll+0x520b]
C  [ucrtbase.dll+0x21bb2]
C  [KERNEL32.DLL+0x17034]
C  [ntdll.dll+0x52651]


---------------  P R O C E S S  ---------------

Threads class SMR info:
_java_thread_list=0x000002170859f0b0, length=0, elements={
}

Java Threads: ( => current thread )

Other Threads:

=>0x0000021708692000 (exited) JavaThread "Unknown thread" [_thread_in_vm, id=8204, stack(0x00000089b8e00000,0x00000089b8f00000)]

Threads with active compile tasks:

VM state:not at safepoint (not fully initialized)

VM Mutex/Monitor currently owned by a thread: None


[error occurred during error reporting (printing compressed oops mode), id 0xc0000005, EXCEPTION_ACCESS_VIOLATION (0xc0000005) at pc=0x00007ffe7d5cb867]

GC Heap History (0 events):
No events

Deoptimization events (0 events):
No events

Classes redefined (0 events):
No events

Internal exceptions (0 events):
No events

Events (0 events):
No events


Dynamic libraries:
0x00007ff63c3d0000 - 0x00007ff63c3df000 	C:\Program Files\Java\jdk-11.0.12\bin\javaw.exe
0x00007ffec6c50000 - 0x00007ffec6e45000 	C:\WINDOWS\SYSTEM32\ntdll.dll
0x00007ffec6b50000 - 0x00007ffec6c0e000 	C:\WINDOWS\System32\KERNEL32.DLL
0x00007ffec4760000 - 0x00007ffec4a28000 	C:\WINDOWS\System32\KERNELBASE.dll
0x00007ffec4a30000 - 0x00007ffec4b30000 	C:\WINDOWS\System32\ucrtbase.dll
0x00007ffe968e0000 - 0x00007ffe968f8000 	C:\Program Files\Java\jdk-11.0.12\bin\jli.dll
0x00007ffec4fb0000 - 0x00007ffec505c000 	C:\WINDOWS\System32\ADVAPI32.dll
0x00007ffec6a00000 - 0x00007ffec6a9e000 	C:\WINDOWS\System32\msvcrt.dll
0x00007ffec65f0000 - 0x00007ffec668b000 	C:\WINDOWS\System32\sechost.dll
0x00007ffec66a0000 - 0x00007ffec67ca000 	C:\WINDOWS\System32\RPCRT4.dll
0x00007ffec67d0000 - 0x00007ffec6971000 	C:\WINDOWS\System32\USER32.dll
0x00007ffec4360000 - 0x00007ffec4382000 	C:\WINDOWS\System32\win32u.dll
0x00007ffec69b0000 - 0x00007ffec69db000 	C:\WINDOWS\System32\GDI32.dll
0x00007ffec43e0000 - 0x00007ffec44ed000 	C:\WINDOWS\System32\gdi32full.dll
0x00007ffec4630000 - 0x00007ffec46cd000 	C:\WINDOWS\System32\msvcp_win.dll
0x00007ffe968c0000 - 0x00007ffe968d5000 	C:\Program Files\Java\jdk-11.0.12\bin\VCRUNTIME140.dll
0x00007ffeab9e0000 - 0x00007ffeabc7a000 	C:\WINDOWS\WinSxS\amd64_microsoft.windows.common-controls_6595b64144ccf1df_6.0.19041.1110_none_60b5254171f9507e\COMCTL32.dll
0x00007ffebd350000 - 0x00007ffebd35a000 	C:\WINDOWS\SYSTEM32\VERSION.dll
0x00007ffec6980000 - 0x00007ffec69b0000 	C:\WINDOWS\System32\IMM32.DLL
0x00007ffe96820000 - 0x00007ffe968bb000 	C:\Program Files\Java\jdk-11.0.12\bin\msvcp140.dll
0x00007ffe7cea0000 - 0x00007ffe7d99f000 	C:\Program Files\Java\jdk-11.0.12\bin\server\jvm.dll
0x00007ffec51e0000 - 0x00007ffec51e8000 	C:\WINDOWS\System32\PSAPI.DLL
0x00007ffebe820000 - 0x00007ffebe829000 	C:\WINDOWS\SYSTEM32\WSOCK32.dll
0x00007ffec6490000 - 0x00007ffec64fb000 	C:\WINDOWS\System32\WS2_32.dll
0x00007ffeb25b0000 - 0x00007ffeb25d7000 	C:\WINDOWS\SYSTEM32\WINMM.dll
0x00007ffec2be0000 - 0x00007ffec2bf2000 	C:\WINDOWS\SYSTEM32\kernel.appcore.dll
0x00007ffec1560000 - 0x00007ffec1570000 	C:\Program Files\Java\jdk-11.0.12\bin\verify.dll
0x00007ffec2000000 - 0x00007ffec21e4000 	C:\WINDOWS\SYSTEM32\DBGHELP.DLL
0x00007ffebcdd0000 - 0x00007ffebcdfc000 	C:\WINDOWS\SYSTEM32\dbgcore.DLL
0x00007ffec46d0000 - 0x00007ffec4752000 	C:\WINDOWS\System32\bcryptPrimitives.dll
0x00007ffebfe30000 - 0x00007ffebfe58000 	C:\Program Files\Java\jdk-11.0.12\bin\java.dll
0x00007ffec0cb0000 - 0x00007ffec0cba000 	C:\Program Files\Java\jdk-11.0.12\bin\jimage.dll
0x00007ffebb8d0000 - 0x00007ffebb8e6000 	C:\Program Files\Java\jdk-11.0.12\bin\zip.dll

dbghelp: loaded successfully - version: 4.0.5 - missing functions: none
symbol engine: initialized successfully - sym options: 0x614 - pdb path: .;C:\Program Files\Java\jdk-11.0.12\bin;C:\WINDOWS\SYSTEM32;C:\WINDOWS\WinSxS\amd64_microsoft.windows.common-controls_6595b64144ccf1df_6.0.19041.1110_none_60b5254171f9507e;C:\Program Files\Java\jdk-11.0.12\bin\server

VM Arguments:
jvm_args: -Dfile.encoding=Cp1254 
java_command: Day46_Collections.C03_Queue_Kuyruk
java_class_path (initial): C:\Users\Enes\eclipse-workspace\javaFall2021-Enes\bin
Launcher Type: SUN_STANDARD

[Global flags]
     intx CICompilerCount                          = 4                                         {product} {ergonomic}
     uint G1ConcRefinementThreads                  = 8                                         {product} {ergonomic}
   size_t G1HeapRegionSize                         = 1048576                                   {product} {ergonomic}
    uintx GCDrainStackTargetSize                   = 64                                        {product} {ergonomic}
   size_t InitialHeapSize                          = 132120576                                 {product} {ergonomic}
   size_t MaxHeapSize                              = 2090860544                                {product} {ergonomic}
   size_t MinHeapDeltaBytes                        = 1048576                                   {product} {ergonomic}
    uintx NonNMethodCodeHeapSize                   = 5836300                                {pd product} {ergonomic}
    uintx NonProfiledCodeHeapSize                  = 122910970                              {pd product} {ergonomic}
    uintx ProfiledCodeHeapSize                     = 122910970                              {pd product} {ergonomic}
    uintx ReservedCodeCacheSize                    = 251658240                              {pd product} {ergonomic}
     bool SegmentedCodeCache                       = true                                      {product} {ergonomic}
     bool UseCompressedClassPointers               = true                                 {lp64_product} {ergonomic}
     bool UseCompressedOops                        = true                                 {lp64_product} {ergonomic}
     bool UseG1GC                                  = true                                      {product} {ergonomic}
     bool UseLargePagesIndividualAllocation        = false                                  {pd product} {ergonomic}

Logging:
Log output configuration:
 #0: stdout all=warning uptime,level,tags
 #1: stderr all=off uptime,level,tags

Environment Variables:
JAVA_HOME=C:\Program Files\Java\jdk-11.0.12
PATH=C:/Program Files/Java/jdk-11.0.12/bin/server;C:/Program Files/Java/jdk-11.0.12/bin;C:\Program Files\Common Files\Oracle\Java\javapath;C:\WINDOWS\system32;C:\WINDOWS;C:\WINDOWS\System32\Wbem;C:\WINDOWS\System32\WindowsPowerShell\v1.0\;C:\WINDOWS\System32\OpenSSH\;C:\Program Files\Git\cmd;C:\Users\Enes\AppData\Local\Microsoft\WindowsApps;C:\Program Files\Java\jdk-11.0.12\bin;;C:\WINDOWS\System32;
USERNAME=Enes
OS=Windows_NT
PROCESSOR_IDENTIFIER=Intel64 Family 6 Model 140 Stepping 1, GenuineIntel



---------------  S Y S T E M  ---------------

OS: Windows 10 , 64 bit Build 19041 (10.0.19041.1348)

CPU:total 8 (initial active 8) (4 cores per cpu, 2 threads per core) family 6 model 140 stepping 1 microcode 0x6e, cmov, cx8, fxsr, mmx, sse, sse2, sse3, ssse3, sse4.1, sse4.2, popcnt, avx, avx2, aes, clmul, erms, 3dnowpref, lzcnt, ht, tsc, tscinvbit, bmi1, bmi2, adx, evex, sha, fma

Memory: 4k page, system-wide physical 7975M (654M free)
TotalPageFile size 32551M (AvailPageFile size 5M)
current process WorkingSet (physical memory assigned to process): 9M, peak: 9M
current process commit charge ("private bytes"): 15M, peak: 16M

vm_info: Java HotSpot(TM) 64-Bit Server VM (11.0.12+8-LTS-237) for windows-amd64 JRE (11.0.12+8-LTS-237), built on Jun  8 2021 11:25:59 by "mach5one" with MS VC++ 15.9 (VS2017)

END.
